
  .   ____          _            __ _ _
 /\\ / ___'_ __ _ _(_)_ __  __ _ \ \ \ \
( ( )\___ | '_ | '_| | '_ \/ _` | \ \ \ \
 \\/  ___)| |_)| | | | | || (_| |  ) ) ) )
  '  |____| .__|_| |_|_| |_\__, | / / / /
 =========|_|==============|___/=/_/_/_/
 :: Spring Boot ::        (v1.3.3.RELEASE)

2016-04-28 09:37:57.803  INFO 8849 --- [           main] phenotypage.ApplicationPhenotypage       : Starting ApplicationPhenotypage v0.0.1-SNAPSHOT on fabien-2L with PID 8849 (/home/fabien/Documents/Cours/Semestre 8/Projet collectif/code/ApplicationPhenotypage/target/appPhenotypage-0.0.1-SNAPSHOT.jar started by fabien in /home/fabien/Documents/Cours/Semestre 8/Projet collectif/code/ApplicationPhenotypage)
2016-04-28 09:37:57.806  INFO 8849 --- [           main] phenotypage.ApplicationPhenotypage       : No active profile set, falling back to default profiles: default
2016-04-28 09:37:57.881  INFO 8849 --- [           main] ationConfigEmbeddedWebApplicationContext : Refreshing org.springframework.boot.context.embedded.AnnotationConfigEmbeddedWebApplicationContext@21275240: startup date [Thu Apr 28 09:37:57 CEST 2016]; root of context hierarchy
2016-04-28 09:37:59.207  INFO 8849 --- [           main] trationDelegate$BeanPostProcessorChecker : Bean 'org.springframework.transaction.annotation.ProxyTransactionManagementConfiguration' of type [class org.springframework.transaction.annotation.ProxyTransactionManagementConfiguration$$EnhancerBySpringCGLIB$$a543bee5] is not eligible for getting processed by all BeanPostProcessors (for example: not eligible for auto-proxying)
2016-04-28 09:37:59.875  INFO 8849 --- [           main] s.b.c.e.t.TomcatEmbeddedServletContainer : Tomcat initialized with port(s): 8080 (http)
2016-04-28 09:37:59.898  INFO 8849 --- [           main] o.apache.catalina.core.StandardService   : Starting service Tomcat
2016-04-28 09:37:59.900  INFO 8849 --- [           main] org.apache.catalina.core.StandardEngine  : Starting Servlet Engine: Apache Tomcat/8.0.32
2016-04-28 09:38:00.939  INFO 8849 --- [ost-startStop-1] org.apache.jasper.servlet.TldScanner     : At least one JAR was scanned for TLDs yet contained no TLDs. Enable debug logging for this logger for a complete list of JARs that were scanned but no TLDs were found in them. Skipping unneeded JARs during scanning can improve startup time and JSP compilation time.
2016-04-28 09:38:01.180  INFO 8849 --- [ost-startStop-1] o.a.c.c.C.[Tomcat].[localhost].[/]       : Initializing Spring embedded WebApplicationContext
2016-04-28 09:38:01.180  INFO 8849 --- [ost-startStop-1] o.s.web.context.ContextLoader            : Root WebApplicationContext: initialization completed in 3316 ms
2016-04-28 09:38:01.319  INFO 8849 --- [ost-startStop-1] o.s.b.c.e.ServletRegistrationBean        : Mapping servlet: 'dispatcherServlet' to [/]
2016-04-28 09:38:01.323  INFO 8849 --- [ost-startStop-1] o.s.b.c.embedded.FilterRegistrationBean  : Mapping filter: 'characterEncodingFilter' to: [/*]
2016-04-28 09:38:01.594  INFO 8849 --- [           main] j.LocalContainerEntityManagerFactoryBean : Building JPA container EntityManagerFactory for persistence unit 'default'
2016-04-28 09:38:01.607  INFO 8849 --- [           main] o.hibernate.jpa.internal.util.LogHelper  : HHH000204: Processing PersistenceUnitInfo [
	name: default
	...]
2016-04-28 09:38:01.699  INFO 8849 --- [           main] org.hibernate.Version                    : HHH000412: Hibernate Core {4.3.11.Final}
2016-04-28 09:38:01.701  INFO 8849 --- [           main] org.hibernate.cfg.Environment            : HHH000206: hibernate.properties not found
2016-04-28 09:38:01.703  INFO 8849 --- [           main] org.hibernate.cfg.Environment            : HHH000021: Bytecode provider name : javassist
2016-04-28 09:38:02.023  INFO 8849 --- [           main] o.hibernate.annotations.common.Version   : HCANN000001: Hibernate Commons Annotations {4.0.5.Final}
2016-04-28 09:38:02.257  INFO 8849 --- [           main] org.hibernate.dialect.Dialect            : HHH000400: Using dialect: org.hibernate.dialect.MySQL5Dialect
2016-04-28 09:38:02.399  INFO 8849 --- [           main] o.h.h.i.ast.ASTQueryTranslatorFactory    : HHH000397: Using ASTQueryTranslatorFactory
2016-04-28 09:38:02.818  INFO 8849 --- [           main] org.hibernate.tool.hbm2ddl.SchemaUpdate  : HHH000228: Running hbm2ddl schema update
2016-04-28 09:38:02.818  INFO 8849 --- [           main] org.hibernate.tool.hbm2ddl.SchemaUpdate  : HHH000102: Fetching database metadata
2016-04-28 09:38:02.820  INFO 8849 --- [           main] org.hibernate.tool.hbm2ddl.SchemaUpdate  : HHH000396: Updating schema
2016-04-28 09:38:02.826  INFO 8849 --- [           main] o.hibernate.tool.hbm2ddl.TableMetadata   : HHH000261: Table found: AppPhenoDB.exemple
2016-04-28 09:38:02.826  INFO 8849 --- [           main] o.hibernate.tool.hbm2ddl.TableMetadata   : HHH000037: Columns: [name, id]
2016-04-28 09:38:02.826  INFO 8849 --- [           main] o.hibernate.tool.hbm2ddl.TableMetadata   : HHH000108: Foreign keys: []
2016-04-28 09:38:02.826  INFO 8849 --- [           main] o.hibernate.tool.hbm2ddl.TableMetadata   : HHH000126: Indexes: [primary]
2016-04-28 09:38:02.827  INFO 8849 --- [           main] org.hibernate.tool.hbm2ddl.SchemaUpdate  : HHH000232: Schema update complete
Hibernate: insert into exemple (name) values (?)
2016-04-28 09:38:03.405  INFO 8849 --- [           main] s.w.s.m.m.a.RequestMappingHandlerMapping : Mapped "{[/ficheCarriere/accueil],methods=[GET]}" onto public java.lang.String phenotypage.web.FicheCarriereController.ficheCarriere()
2016-04-28 09:38:03.407  INFO 8849 --- [           main] s.w.s.m.m.a.RequestMappingHandlerMapping : Mapped "{[/acteTechnique/abanew],methods=[GET]}" onto public java.lang.String phenotypage.web.acteTechnique.ActeTechniqueController.newAba()
2016-04-28 09:38:03.408  INFO 8849 --- [           main] s.w.s.m.m.a.RequestMappingHandlerMapping : Mapped "{[/acteTechnique/accueil],methods=[GET]}" onto public java.lang.String phenotypage.web.acteTechnique.ActeTechniqueController.acteTechnique()
2016-04-28 09:38:03.408  INFO 8849 --- [           main] s.w.s.m.m.a.RequestMappingHandlerMapping : Mapped "{[/acteTechnique/abaaccueil],methods=[GET]}" onto public java.lang.String phenotypage.web.acteTechnique.ActeTechniqueController.acteTechniqueABA()
2016-04-28 09:38:03.408  INFO 8849 --- [           main] s.w.s.m.m.a.RequestMappingHandlerMapping : Mapped "{[/acteTechnique/opuaccueil],methods=[GET]}" onto public java.lang.String phenotypage.web.acteTechnique.ActeTechniqueController.acteTechniqueOPU()
2016-04-28 09:38:03.408  INFO 8849 --- [           main] s.w.s.m.m.a.RequestMappingHandlerMapping : Mapped "{[/],methods=[GET]}" onto public java.lang.String phenotypage.web.HomeController.index()
2016-04-28 09:38:03.409  INFO 8849 --- [           main] s.w.s.m.m.a.RequestMappingHandlerMapping : Mapped "{[/aide/accueil],methods=[GET]}" onto public java.lang.String phenotypage.web.AideController.aide()
2016-04-28 09:38:03.416  INFO 8849 --- [           main] s.w.s.m.m.a.RequestMappingHandlerMapping : Mapped "{[/error],produces=[text/html]}" onto public org.springframework.web.servlet.ModelAndView org.springframework.boot.autoconfigure.web.BasicErrorController.errorHtml(javax.servlet.http.HttpServletRequest,javax.servlet.http.HttpServletResponse)
2016-04-28 09:38:03.416  INFO 8849 --- [           main] s.w.s.m.m.a.RequestMappingHandlerMapping : Mapped "{[/error]}" onto public org.springframework.http.ResponseEntity<java.util.Map<java.lang.String, java.lang.Object>> org.springframework.boot.autoconfigure.web.BasicErrorController.error(javax.servlet.http.HttpServletRequest)
2016-04-28 09:38:03.451  INFO 8849 --- [           main] o.s.w.s.handler.SimpleUrlHandlerMapping  : Mapped URL path [/static/**] onto handler of type [class org.springframework.web.servlet.resource.ResourceHttpRequestHandler]
2016-04-28 09:38:03.518  INFO 8849 --- [           main] s.w.s.m.m.a.RequestMappingHandlerAdapter : Looking for @ControllerAdvice: org.springframework.boot.context.embedded.AnnotationConfigEmbeddedWebApplicationContext@21275240: startup date [Thu Apr 28 09:37:57 CEST 2016]; root of context hierarchy
2016-04-28 09:38:03.971  INFO 8849 --- [           main] o.s.j.e.a.AnnotationMBeanExporter        : Registering beans for JMX exposure on startup
2016-04-28 09:38:04.062  INFO 8849 --- [           main] s.b.c.e.t.TomcatEmbeddedServletContainer : Tomcat started on port(s): 8080 (http)
2016-04-28 09:38:04.066  INFO 8849 --- [           main] phenotypage.ApplicationPhenotypage       : Started ApplicationPhenotypage in 6.765 seconds (JVM running for 7.303)
2016-04-28 09:38:46.380  INFO 8849 --- [       Thread-4] ationConfigEmbeddedWebApplicationContext : Closing org.springframework.boot.context.embedded.AnnotationConfigEmbeddedWebApplicationContext@21275240: startup date [Thu Apr 28 09:37:57 CEST 2016]; root of context hierarchy
2016-04-28 09:38:46.385  INFO 8849 --- [       Thread-4] o.s.j.e.a.AnnotationMBeanExporter        : Unregistering JMX-exposed beans on shutdown
2016-04-28 09:38:46.388  INFO 8849 --- [       Thread-4] j.LocalContainerEntityManagerFactoryBean : Closing JPA EntityManagerFactory for persistence unit 'default'

  .   ____          _            __ _ _
 /\\ / ___'_ __ _ _(_)_ __  __ _ \ \ \ \
( ( )\___ | '_ | '_| | '_ \/ _` | \ \ \ \
 \\/  ___)| |_)| | | | | || (_| |  ) ) ) )
  '  |____| .__|_| |_|_| |_\__, | / / / /
 =========|_|==============|___/=/_/_/_/
 :: Spring Boot ::        (v1.3.3.RELEASE)

2016-04-28 09:38:54.173  INFO 8906 --- [           main] phenotypage.ApplicationPhenotypage       : Starting ApplicationPhenotypage v0.0.1-SNAPSHOT on fabien-2L with PID 8906 (/home/fabien/Documents/Cours/Semestre 8/Projet collectif/code/ApplicationPhenotypage/target/appPhenotypage-0.0.1-SNAPSHOT.jar started by fabien in /home/fabien/Documents/Cours/Semestre 8/Projet collectif/code/ApplicationPhenotypage)
2016-04-28 09:38:54.177  INFO 8906 --- [           main] phenotypage.ApplicationPhenotypage       : No active profile set, falling back to default profiles: default
2016-04-28 09:38:54.286  INFO 8906 --- [           main] ationConfigEmbeddedWebApplicationContext : Refreshing org.springframework.boot.context.embedded.AnnotationConfigEmbeddedWebApplicationContext@21275240: startup date [Thu Apr 28 09:38:54 CEST 2016]; root of context hierarchy
2016-04-28 09:38:55.630  INFO 8906 --- [           main] trationDelegate$BeanPostProcessorChecker : Bean 'org.springframework.transaction.annotation.ProxyTransactionManagementConfiguration' of type [class org.springframework.transaction.annotation.ProxyTransactionManagementConfiguration$$EnhancerBySpringCGLIB$$81f13290] is not eligible for getting processed by all BeanPostProcessors (for example: not eligible for auto-proxying)
2016-04-28 09:38:56.229  INFO 8906 --- [           main] s.b.c.e.t.TomcatEmbeddedServletContainer : Tomcat initialized with port(s): 8080 (http)
2016-04-28 09:38:56.245  INFO 8906 --- [           main] o.apache.catalina.core.StandardService   : Starting service Tomcat
2016-04-28 09:38:56.247  INFO 8906 --- [           main] org.apache.catalina.core.StandardEngine  : Starting Servlet Engine: Apache Tomcat/8.0.32
2016-04-28 09:38:57.216  INFO 8906 --- [ost-startStop-1] org.apache.jasper.servlet.TldScanner     : At least one JAR was scanned for TLDs yet contained no TLDs. Enable debug logging for this logger for a complete list of JARs that were scanned but no TLDs were found in them. Skipping unneeded JARs during scanning can improve startup time and JSP compilation time.
2016-04-28 09:38:57.391  INFO 8906 --- [ost-startStop-1] o.a.c.c.C.[Tomcat].[localhost].[/]       : Initializing Spring embedded WebApplicationContext
2016-04-28 09:38:57.392  INFO 8906 --- [ost-startStop-1] o.s.web.context.ContextLoader            : Root WebApplicationContext: initialization completed in 3112 ms
2016-04-28 09:38:57.502  INFO 8906 --- [ost-startStop-1] o.s.b.c.e.ServletRegistrationBean        : Mapping servlet: 'dispatcherServlet' to [/]
2016-04-28 09:38:57.506  INFO 8906 --- [ost-startStop-1] o.s.b.c.embedded.FilterRegistrationBean  : Mapping filter: 'characterEncodingFilter' to: [/*]
2016-04-28 09:38:57.776  INFO 8906 --- [           main] j.LocalContainerEntityManagerFactoryBean : Building JPA container EntityManagerFactory for persistence unit 'default'
2016-04-28 09:38:57.788  INFO 8906 --- [           main] o.hibernate.jpa.internal.util.LogHelper  : HHH000204: Processing PersistenceUnitInfo [
	name: default
	...]
2016-04-28 09:38:57.879  INFO 8906 --- [           main] org.hibernate.Version                    : HHH000412: Hibernate Core {4.3.11.Final}
2016-04-28 09:38:57.882  INFO 8906 --- [           main] org.hibernate.cfg.Environment            : HHH000206: hibernate.properties not found
2016-04-28 09:38:57.884  INFO 8906 --- [           main] org.hibernate.cfg.Environment            : HHH000021: Bytecode provider name : javassist
2016-04-28 09:38:58.175  INFO 8906 --- [           main] o.hibernate.annotations.common.Version   : HCANN000001: Hibernate Commons Annotations {4.0.5.Final}
2016-04-28 09:38:58.333  INFO 8906 --- [           main] org.hibernate.dialect.Dialect            : HHH000400: Using dialect: org.hibernate.dialect.MySQL5Dialect
2016-04-28 09:38:58.454  INFO 8906 --- [           main] o.h.h.i.ast.ASTQueryTranslatorFactory    : HHH000397: Using ASTQueryTranslatorFactory
2016-04-28 09:38:58.804  INFO 8906 --- [           main] org.hibernate.tool.hbm2ddl.SchemaUpdate  : HHH000228: Running hbm2ddl schema update
2016-04-28 09:38:58.805  INFO 8906 --- [           main] org.hibernate.tool.hbm2ddl.SchemaUpdate  : HHH000102: Fetching database metadata
2016-04-28 09:38:58.806  INFO 8906 --- [           main] org.hibernate.tool.hbm2ddl.SchemaUpdate  : HHH000396: Updating schema
2016-04-28 09:38:58.811  INFO 8906 --- [           main] o.hibernate.tool.hbm2ddl.TableMetadata   : HHH000261: Table found: AppPhenoDB.exemple
2016-04-28 09:38:58.812  INFO 8906 --- [           main] o.hibernate.tool.hbm2ddl.TableMetadata   : HHH000037: Columns: [name, id]
2016-04-28 09:38:58.812  INFO 8906 --- [           main] o.hibernate.tool.hbm2ddl.TableMetadata   : HHH000108: Foreign keys: []
2016-04-28 09:38:58.812  INFO 8906 --- [           main] o.hibernate.tool.hbm2ddl.TableMetadata   : HHH000126: Indexes: [primary]
2016-04-28 09:38:58.812  INFO 8906 --- [           main] org.hibernate.tool.hbm2ddl.SchemaUpdate  : HHH000232: Schema update complete
Hibernate: insert into exemple (name) values (?)
2016-04-28 09:38:59.483  INFO 8906 --- [           main] s.w.s.m.m.a.RequestMappingHandlerMapping : Mapped "{[/ficheCarriere/accueil],methods=[GET]}" onto public java.lang.String phenotypage.web.FicheCarriereController.ficheCarriere()
2016-04-28 09:38:59.487  INFO 8906 --- [           main] s.w.s.m.m.a.RequestMappingHandlerMapping : Mapped "{[/acteTechnique/abanew],methods=[GET]}" onto public java.lang.String phenotypage.web.acteTechnique.ActeTechniqueController.newAba()
2016-04-28 09:38:59.487  INFO 8906 --- [           main] s.w.s.m.m.a.RequestMappingHandlerMapping : Mapped "{[/acteTechnique/accueil],methods=[GET]}" onto public java.lang.String phenotypage.web.acteTechnique.ActeTechniqueController.acteTechnique()
2016-04-28 09:38:59.487  INFO 8906 --- [           main] s.w.s.m.m.a.RequestMappingHandlerMapping : Mapped "{[/acteTechnique/abaaccueil],methods=[GET]}" onto public java.lang.String phenotypage.web.acteTechnique.ActeTechniqueController.acteTechniqueABA()
2016-04-28 09:38:59.487  INFO 8906 --- [           main] s.w.s.m.m.a.RequestMappingHandlerMapping : Mapped "{[/acteTechnique/opuaccueil],methods=[GET]}" onto public java.lang.String phenotypage.web.acteTechnique.ActeTechniqueController.acteTechniqueOPU()
2016-04-28 09:38:59.488  INFO 8906 --- [           main] s.w.s.m.m.a.RequestMappingHandlerMapping : Mapped "{[/],methods=[GET]}" onto public java.lang.String phenotypage.web.HomeController.index()
2016-04-28 09:38:59.488  INFO 8906 --- [           main] s.w.s.m.m.a.RequestMappingHandlerMapping : Mapped "{[/aide/accueil],methods=[GET]}" onto public java.lang.String phenotypage.web.AideController.aide()
2016-04-28 09:38:59.496  INFO 8906 --- [           main] s.w.s.m.m.a.RequestMappingHandlerMapping : Mapped "{[/error],produces=[text/html]}" onto public org.springframework.web.servlet.ModelAndView org.springframework.boot.autoconfigure.web.BasicErrorController.errorHtml(javax.servlet.http.HttpServletRequest,javax.servlet.http.HttpServletResponse)
2016-04-28 09:38:59.496  INFO 8906 --- [           main] s.w.s.m.m.a.RequestMappingHandlerMapping : Mapped "{[/error]}" onto public org.springframework.http.ResponseEntity<java.util.Map<java.lang.String, java.lang.Object>> org.springframework.boot.autoconfigure.web.BasicErrorController.error(javax.servlet.http.HttpServletRequest)
2016-04-28 09:38:59.535  INFO 8906 --- [           main] o.s.w.s.handler.SimpleUrlHandlerMapping  : Mapped URL path [/static/**] onto handler of type [class org.springframework.web.servlet.resource.ResourceHttpRequestHandler]
2016-04-28 09:38:59.618  INFO 8906 --- [           main] s.w.s.m.m.a.RequestMappingHandlerAdapter : Looking for @ControllerAdvice: org.springframework.boot.context.embedded.AnnotationConfigEmbeddedWebApplicationContext@21275240: startup date [Thu Apr 28 09:38:54 CEST 2016]; root of context hierarchy
2016-04-28 09:39:00.034  INFO 8906 --- [           main] o.s.j.e.a.AnnotationMBeanExporter        : Registering beans for JMX exposure on startup
2016-04-28 09:39:00.101  INFO 8906 --- [           main] s.b.c.e.t.TomcatEmbeddedServletContainer : Tomcat started on port(s): 8080 (http)
2016-04-28 09:39:00.107  INFO 8906 --- [           main] phenotypage.ApplicationPhenotypage       : Started ApplicationPhenotypage in 6.356 seconds (JVM running for 6.789)
2016-04-28 09:39:20.710  INFO 8906 --- [nio-8080-exec-1] o.a.c.c.C.[Tomcat].[localhost].[/]       : Initializing Spring FrameworkServlet 'dispatcherServlet'
2016-04-28 09:39:20.711  INFO 8906 --- [nio-8080-exec-1] o.s.web.servlet.DispatcherServlet        : FrameworkServlet 'dispatcherServlet': initialization started
2016-04-28 09:39:20.732  INFO 8906 --- [nio-8080-exec-1] o.s.web.servlet.DispatcherServlet        : FrameworkServlet 'dispatcherServlet': initialization completed in 21 ms
2016-04-28 09:39:21.706  WARN 8906 --- [nio-8080-exec-2] o.s.web.servlet.PageNotFound             : No mapping found for HTTP request with URI [/acteTechnique/static/css/style.css] in DispatcherServlet with name 'dispatcherServlet'
2016-04-28 09:39:23.520  WARN 8906 --- [nio-8080-exec-5] o.s.web.servlet.PageNotFound             : No mapping found for HTTP request with URI [/acteTechnique/static/css/style.css] in DispatcherServlet with name 'dispatcherServlet'
2016-04-28 09:39:30.956  WARN 8906 --- [nio-8080-exec-1] o.s.web.servlet.PageNotFound             : No mapping found for HTTP request with URI [/acteTechnique/static/css/style.css] in DispatcherServlet with name 'dispatcherServlet'
2016-04-28 09:39:32.124  WARN 8906 --- [nio-8080-exec-4] o.s.web.servlet.PageNotFound             : No mapping found for HTTP request with URI [/acteTechnique/static/css/style.css] in DispatcherServlet with name 'dispatcherServlet'
2016-04-28 09:40:25.651  WARN 8906 --- [nio-8080-exec-7] o.s.web.servlet.PageNotFound             : No mapping found for HTTP request with URI [/acteTechnique/static/css/style.css] in DispatcherServlet with name 'dispatcherServlet'
2016-04-28 09:41:08.459  WARN 8906 --- [nio-8080-exec-4] o.s.web.servlet.PageNotFound             : No mapping found for HTTP request with URI [/ficheCarriere/static/css/style.css] in DispatcherServlet with name 'dispatcherServlet'
2016-04-28 09:41:20.285  WARN 8906 --- [nio-8080-exec-9] o.s.web.servlet.PageNotFound             : No mapping found for HTTP request with URI [/acteTechnique/static/css/style.css] in DispatcherServlet with name 'dispatcherServlet'
2016-04-28 09:41:43.373  INFO 8906 --- [       Thread-4] ationConfigEmbeddedWebApplicationContext : Closing org.springframework.boot.context.embedded.AnnotationConfigEmbeddedWebApplicationContext@21275240: startup date [Thu Apr 28 09:38:54 CEST 2016]; root of context hierarchy
2016-04-28 09:41:43.382  INFO 8906 --- [       Thread-4] o.s.j.e.a.AnnotationMBeanExporter        : Unregistering JMX-exposed beans on shutdown
2016-04-28 09:41:43.387  INFO 8906 --- [       Thread-4] j.LocalContainerEntityManagerFactoryBean : Closing JPA EntityManagerFactory for persistence unit 'default'
